<?xml version="1.0" encoding="UTF-8"?>
<testng-results skipped="0" failed="0" ignored="0" total="1" passed="1">
  <reporter-output>
    <line>
      <![CDATA[I am Shilpa]]>
    </line>
  </reporter-output>
  <suite name="Default suite" duration-ms="99" started-at="2020-06-30T10:21:03 IST" finished-at="2020-06-30T10:21:03 IST">
    <groups>
    </groups>
    <test name="Default test" duration-ms="99" started-at="2020-06-30T10:21:03 IST" finished-at="2020-06-30T10:21:03 IST">
      <class name="com.actitime.login.demo">
        <test-method status="PASS" signature="run()[pri:0, instance:com.actitime.login.demo@3cef309d]" name="run" duration-ms="19" started-at="2020-06-30T10:21:03 IST" finished-at="2020-06-30T10:21:03 IST">
          <reporter-output>
            <line>
              <![CDATA[I am Shilpa]]>
            </line>
          </reporter-output>
        </test-method> <!-- run -->
      </class> <!-- com.actitime.login.demo -->
    </test> <!-- Default test -->
  </suite> <!-- Default suite -->
</testng-results>
